<?xml version="1.0" encoding="UTF-8" ?>
<testsuite tests="1" failures="1" name="com.teste.CalculadoraTest" time="0.002" errors="0" skipped="0">
  <properties>
[...]
</properties>
  <testcase classname="com.teste.CalculadoraTest" name="com.teste.CalculadoraTest.testSomar" time="0.002">
    <failure message="org/junit/Assert" type="java.lang.NoClassDefFoundError">java.lang.NoClassDefFoundError: org/junit/Assert
	at com.teste.CalculadoraTest.testSomar(CalculadoraTest.java:13)
Caused by: java.lang.ClassNotFoundException: org.junit.Assert
	at java.base/jdk.internal.loader.BuiltinClassLoader.loadClass(BuiltinClassLoader.java:636)
	at java.base/jdk.internal.loader.ClassLoaders$AppClassLoader.loadClass(ClassLoaders.java:182)
	at java.base/java.lang.ClassLoader.loadClass(ClassLoader.java:519)
	... 19 more
</failure>
    <system-out>5
</system-out>
  </testcase>
</testsuite>